<?xml version="1.0" encoding="utf-8"?><testsuites name="pytest tests"><testsuite name="pytest" errors="0" failures="0" skipped="0" tests="52" time="2.576" timestamp="2025-10-22T12:07:10.086219-05:00" hostname="SanctumKey"><testcase classname="tests.unit.test_register_tools.TestRegisterTools" name="test_register_tools_success" time="0.016" /><testcase classname="tests.unit.test_register_tools.TestRegisterTools" name="test_register_tools_with_custom_agent_id" time="0.007" /><testcase classname="tests.unit.test_register_tools.TestRegisterTools" name="test_register_tools_with_base_url" time="0.007" /><testcase classname="tests.unit.test_register_tools.TestRegisterTools" name="test_register_tools_agent_not_found" time="0.003" /><testcase classname="tests.unit.test_register_tools.TestRegisterTools" name="test_register_tools_with_specific_tools" time="0.002" /><testcase classname="tests.unit.test_register_tools.TestRegisterTools" name="test_register_tools_with_unknown_tools" time="0.002" /><testcase classname="tests.unit.test_register_tools.TestRegisterTools" name="test_register_tools_tool_already_attached" time="0.007" /><testcase classname="tests.unit.test_register_tools.TestRegisterTools" name="test_register_tools_tool_creation_failure" time="0.007" /><testcase classname="tests.unit.test_register_tools.TestRegisterTools" name="test_register_tools_attachment_failure" time="0.009" /><testcase classname="tests.unit.test_register_tools.TestRegisterTools" name="test_register_tools_fatal_error" time="0.002" /><testcase classname="tests.unit.test_register_tools.TestRegisterTools" name="test_list_available_tools" time="0.006" /><testcase classname="tests.unit.test_register_tools.TestRegisterTools" name="test_tool_configs_structure" time="0.000" /><testcase classname="tests.unit.test_register_tools.TestRegisterTools" name="test_tool_configs_expected_tools" time="0.001" /><testcase classname="tests.unit.test_register_tools.TestRegisterTools" name="test_tool_configs_tags" time="0.001" /><testcase classname="tests.unit.test_register_tools.TestRegisterTools" name="test_tool_configs_descriptions" time="0.001" /><testcase classname="tests.unit.test_register_tools.TestRegisterTools" name="test_tool_configs_unique_names" time="0.001" /><testcase classname="tests.unit.test_register_tools.TestRegisterTools" name="test_tool_configs_schema_compatibility" time="0.001" /><testcase classname="tests.unit.test_register_tools.TestRegisterToolsCLI" name="test_cli_list_tools" time="0.009" /><testcase classname="tests.unit.test_register_tools.TestRegisterToolsCLI" name="test_cli_register_tools_default" time="0.002" /><testcase classname="tests.unit.test_register_tools.TestRegisterToolsCLI" name="test_cli_register_tools_with_agent_id" time="0.002" /><testcase classname="tests.unit.test_register_tools.TestRegisterToolsCLI" name="test_cli_register_tools_with_specific_tools" time="0.002" /><testcase classname="tests.unit.test_register_tools.TestRegisterToolsCLI" name="test_cli_main_block_execution" time="0.006" /><testcase classname="tests.unit.test_register_tools.TestRegisterToolsCLI" name="test_cli_main_block_execution_with_tools" time="0.445" /><testcase classname="tests.unit.test_register_tools.TestRegisterToolsCLI" name="test_cli_main_function_list" time="0.001" /><testcase classname="tests.unit.test_register_tools.TestRegisterToolsCLI" name="test_cli_main_function_register" time="0.002" /><testcase classname="tests.unit.test_register_tools.TestRegisterToolsCLI" name="test_cli_main_function_register_default_agent" time="0.003" /><testcase classname="tests.unit.test_config_loader.TestConfigLoader" name="test_init_with_existing_config" time="0.051" /><testcase classname="tests.unit.test_config_loader.TestConfigLoader" name="test_init_with_missing_config" time="0.037" /><testcase classname="tests.unit.test_config_loader.TestConfigLoader" name="test_get_existing_key" time="0.045" /><testcase classname="tests.unit.test_config_loader.TestConfigLoader" name="test_get_nested_key" time="0.044" /><testcase classname="tests.unit.test_config_loader.TestConfigLoader" name="test_get_missing_key_with_default" time="0.053" /><testcase classname="tests.unit.test_config_loader.TestConfigLoader" name="test_get_missing_key_without_default" time="0.053" /><testcase classname="tests.unit.test_config_loader.TestConfigLoader" name="test_get_section" time="0.056" /><testcase classname="tests.unit.test_config_loader.TestConfigLoader" name="test_get_section_missing" time="0.053" /><testcase classname="tests.unit.test_config_loader.TestConfigLoader" name="test_invalid_yaml" time="0.043" /><testcase classname="tests.unit.test_config_loader.TestConfigFunctions" name="test_get_config_default_path" time="0.043" /><testcase classname="tests.unit.test_config_loader.TestConfigFunctions" name="test_get_config_custom_path" time="0.048" /><testcase classname="tests.unit.test_config_loader.TestConfigFunctions" name="test_get_letta_config" time="0.054" /><testcase classname="tests.unit.test_config_loader.TestConfigFunctions" name="test_get_bluesky_config" time="0.047" /><testcase classname="tests.unit.test_config_loader.TestConfigFunctions" name="test_get_letta_config_with_env_fallback" time="0.002" /><testcase classname="tests.unit.test_config_loader.TestConfigFunctions" name="test_get_bluesky_config_with_env_fallback" time="0.002" /><testcase classname="tests.unit.test_config_loader.TestConfigValidation" name="test_required_fields_present" time="0.053" /><testcase classname="tests.unit.test_config_loader.TestConfigValidation" name="test_missing_required_fields" time="0.050" /><testcase classname="tests.unit.test_config_loader.TestConfigValidation" name="test_config_type_coercion" time="0.044" /><testcase classname="tests.unit.test_config_loader" name="test_config_value_types[letta.api_key-str]" time="0.048" /><testcase classname="tests.unit.test_config_loader" name="test_config_value_types[letta.timeout-int]" time="0.045" /><testcase classname="tests.unit.test_config_loader" name="test_config_value_types[bot.fetch_notifications_delay-int]" time="0.043" /><testcase classname="tests.unit.test_config_loader" name="test_config_value_types[bot.max_processed_notifications-int]" time="0.045" /><testcase classname="tests.unit.test_config_loader" name="test_config_value_types[threading.parent_height-int]" time="0.043" /><testcase classname="tests.unit.test_config_loader" name="test_config_value_types[threading.depth-int]" time="0.048" /><testcase classname="tests.unit.test_config_loader" name="test_config_value_types[threading.max_post_characters-int]" time="0.040" /><testcase classname="tests.unit.test_config_loader" name="test_config_value_types[logging.level-str]" time="0.042" /></testsuite></testsuites>