<?xml version="1.0" encoding="utf-8"?><testsuites name="pytest tests"><testsuite name="pytest" errors="0" failures="0" skipped="24" tests="458" time="12.016" timestamp="2025-10-22T12:14:20.939178-05:00" hostname="SanctumKey"><testcase classname="tests.unit.test_bsky.TestExtractHandlesFromData" name="test_extract_handles_simple_dict" time="0.001" /><testcase classname="tests.unit.test_bsky.TestExtractHandlesFromData" name="test_extract_handles_nested_structure" time="0.000" /><testcase classname="tests.unit.test_bsky.TestExtractHandlesFromData" name="test_extract_handles_no_handles" time="0.000" /><testcase classname="tests.unit.test_bsky.TestExtractHandlesFromData" name="test_extract_handles_empty_data" time="0.000" /><testcase classname="tests.unit.test_bsky.TestExtractHandlesFromData" name="test_extract_handles_list_of_dicts" time="0.000" /><testcase classname="tests.unit.test_bsky.TestLogWithPanel" name="test_log_with_panel_title_and_message" time="0.001" /><testcase classname="tests.unit.test_bsky.TestLogWithPanel" name="test_log_with_panel_no_title" time="0.001" /><testcase classname="tests.unit.test_bsky.TestLogWithPanel" name="test_log_with_panel_multiline_message" time="0.001" /><testcase classname="tests.unit.test_bsky.TestLogWithPanel" name="test_log_with_panel_color_symbols" time="0.001" /><testcase classname="tests.unit.test_bsky.TestLogWithPanel" name="test_log_with_panel_unknown_color" time="0.000" /><testcase classname="tests.unit.test_bsky.TestExportAgentState" name="test_export_agent_state_success" time="0.096" /><testcase classname="tests.unit.test_bsky.TestExportAgentState" name="test_export_agent_state_agent_not_found" time="0.003" /><testcase classname="tests.unit.test_bsky.TestExportAgentState" name="test_export_agent_state_blocks_error" time="0.002" /><testcase classname="tests.unit.test_bsky.TestInitializeVoid" name="test_initialize_void_success" time="0.002" /><testcase classname="tests.unit.test_bsky.TestInitializeVoid" name="test_initialize_void_agent_not_found" time="0.001" /><testcase classname="tests.unit.test_bsky.TestNotificationToDict" name="test_notification_to_dict_complete" time="0.001" /><testcase classname="tests.unit.test_bsky.TestNotificationToDict" name="test_notification_to_dict_minimal" time="0.001" /><testcase classname="tests.unit.test_bsky.TestProcessedNotifications" name="test_load_processed_notifications_file_exists" time="0.099" /><testcase classname="tests.unit.test_bsky.TestProcessedNotifications" name="test_load_processed_notifications_file_not_exists" time="0.100" /><testcase classname="tests.unit.test_bsky.TestProcessedNotifications" name="test_save_processed_notifications" time="0.097" /><testcase classname="tests.unit.test_bsky.TestSaveNotificationToQueue" name="test_save_notification_to_queue_success" time="0.100" /><testcase classname="tests.unit.test_bsky.TestSaveNotificationToQueue" name="test_save_notification_to_queue_priority" time="0.104" /><testcase classname="tests.unit.test_bsky.TestSaveNotificationToQueue" name="test_save_notification_to_queue_error" time="0.105" /><testcase classname="tests.unit.test_bsky.TestConstants" name="test_fetch_notifications_delay" time="0.001" /><testcase classname="tests.unit.test_bsky.TestConstants" name="test_check_new_notifications_every_n_items" time="0.000" /><testcase classname="tests.unit.test_bsky_utils.TestConvertToBasicTypes" name="test_convert_simple_types" time="0.000" /><testcase classname="tests.unit.test_bsky_utils.TestConvertToBasicTypes" name="test_convert_list" time="0.000" /><testcase classname="tests.unit.test_bsky_utils.TestConvertToBasicTypes" name="test_convert_dict" time="0.001" /><testcase classname="tests.unit.test_bsky_utils.TestConvertToBasicTypes" name="test_convert_nested_structure" time="0.001" /><testcase classname="tests.unit.test_bsky_utils.TestConvertToBasicTypes" name="test_convert_with_custom_objects" time="0.001" /><testcase classname="tests.unit.test_bsky_utils.TestStripFields" name="test_strip_fields_from_dict" time="0.001" /><testcase classname="tests.unit.test_bsky_utils.TestStripFields" name="test_strip_fields_from_nested_dict" time="0.000" /><testcase classname="tests.unit.test_bsky_utils.TestStripFields" name="test_strip_fields_from_list" time="0.000" /><testcase classname="tests.unit.test_bsky_utils.TestStripFields" name="test_strip_fields_empty_data" time="0.000" /><testcase classname="tests.unit.test_bsky_utils.TestFlattenThreadStructure" name="test_flatten_simple_thread" time="0.000"><skipped type="pytest.skip" message="Complex thread structure mocking - integration test">C:\projects\void\tests\unit\test_bsky_utils.py:137: Complex thread structure mocking - integration test</skipped></testcase><testcase classname="tests.unit.test_bsky_utils.TestFlattenThreadStructure" name="test_flatten_nested_replies" time="0.000"><skipped type="pytest.skip" message="Complex thread structure mocking - integration test">C:\projects\void\tests\unit\test_bsky_utils.py:163: Complex thread structure mocking - integration test</skipped></testcase><testcase classname="tests.unit.test_bsky_utils.TestFlattenThreadStructure" name="test_flatten_empty_thread" time="0.000" /><testcase classname="tests.unit.test_bsky_utils.TestThreadToYamlString" name="test_thread_to_yaml_string_basic" time="0.000"><skipped type="pytest.skip" message="Complex thread structure mocking - integration test">C:\projects\void\tests\unit\test_bsky_utils.py:207: Complex thread structure mocking - integration test</skipped></testcase><testcase classname="tests.unit.test_bsky_utils.TestThreadToYamlString" name="test_thread_to_yaml_string_with_stripping" time="0.000"><skipped type="pytest.skip" message="Complex thread structure mocking - integration test">C:\projects\void\tests\unit\test_bsky_utils.py:227: Complex thread structure mocking - integration test</skipped></testcase><testcase classname="tests.unit.test_bsky_utils.TestThreadToYamlString" name="test_thread_to_yaml_string_without_stripping" time="0.000"><skipped type="pytest.skip" message="Complex thread structure mocking - integration test">C:\projects\void\tests\unit\test_bsky_utils.py:248: Complex thread structure mocking - integration test</skipped></testcase><testcase classname="tests.unit.test_bsky_utils.TestSessionManagement" name="test_get_session_existing_file" time="0.000"><skipped type="pytest.skip" message="File system mocking issues - integration test">C:\projects\void\tests\unit\test_bsky_utils.py:271: File system mocking issues - integration test</skipped></testcase><testcase classname="tests.unit.test_bsky_utils.TestSessionManagement" name="test_get_session_no_file" time="0.096" /><testcase classname="tests.unit.test_bsky_utils.TestSessionManagement" name="test_save_session" time="0.000"><skipped type="pytest.skip" message="File system mocking issues - integration test">C:\projects\void\tests\unit\test_bsky_utils.py:290: File system mocking issues - integration test</skipped></testcase><testcase classname="tests.unit.test_bsky_utils.TestSessionManagement" name="test_on_session_change" time="0.000"><skipped type="pytest.skip" message="File system mocking issues - integration test">C:\projects\void\tests\unit\test_bsky_utils.py:303: File system mocking issues - integration test</skipped></testcase><testcase classname="tests.unit.test_bsky_utils.TestRemoveOutsideQuotes" name="test_remove_outside_quotes_single_quotes" time="0.000" /><testcase classname="tests.unit.test_bsky_utils.TestRemoveOutsideQuotes" name="test_remove_outside_quotes_double_quotes" time="0.000" /><testcase classname="tests.unit.test_bsky_utils.TestRemoveOutsideQuotes" name="test_remove_outside_quotes_no_quotes" time="0.000" /><testcase classname="tests.unit.test_bsky_utils.TestRemoveOutsideQuotes" name="test_remove_outside_quotes_mixed_quotes" time="0.000" /><testcase classname="tests.unit.test_bsky_utils.TestRemoveOutsideQuotes" name="test_remove_outside_quotes_unmatched_quotes" time="0.000" /><testcase classname="tests.unit.test_bsky_utils.TestRemoveOutsideQuotes" name="test_remove_outside_quotes_empty_string" time="0.000" /><testcase classname="tests.unit.test_bsky_utils.TestReplyToPost" name="test_reply_to_post_success" time="0.000"><skipped type="pytest.skip" message="Complex API mocking - integration test">C:\projects\void\tests\unit\test_bsky_utils.py:352: Complex API mocking - integration test</skipped></testcase><testcase classname="tests.unit.test_bsky_utils.TestReplyToPost" name="test_reply_to_post_with_root" time="0.000"><skipped type="pytest.skip" message="Complex API mocking - integration tests">C:\projects\void\tests\unit\test_bsky_utils.py:372: Complex API mocking - integration tests</skipped></testcase><testcase classname="tests.unit.test_bsky_utils.TestReplyToPost" name="test_reply_to_post_error" time="0.000"><skipped type="pytest.skip" message="Complex API mocking - integration tests">C:\projects\void\tests\unit\test_bsky_utils.py:392: Complex API mocking - integration tests</skipped></testcase><testcase classname="tests.unit.test_bsky_utils.TestGetPostThread" name="test_get_post_thread_success" time="0.000"><skipped type="pytest.skip" message="Complex API mocking - integration tests">C:\projects\void\tests\unit\test_bsky_utils.py:409: Complex API mocking - integration tests</skipped></testcase><testcase classname="tests.unit.test_bsky_utils.TestGetPostThread" name="test_get_post_thread_error" time="0.000"><skipped type="pytest.skip" message="Complex API mocking - integration tests">C:\projects\void\tests\unit\test_bsky_utils.py:425: Complex API mocking - integration tests</skipped></testcase><testcase classname="tests.unit.test_bsky_utils.TestReplyToNotification" name="test_reply_to_notification_success" time="0.000"><skipped type="pytest.skip" message="Complex API mocking - integration tests">C:\projects\void\tests\unit\test_bsky_utils.py:437: Complex API mocking - integration tests</skipped></testcase><testcase classname="tests.unit.test_bsky_utils.TestReplyToNotification" name="test_reply_to_notification_error" time="0.000"><skipped type="pytest.skip" message="Complex API mocking - integration tests">C:\projects\void\tests\unit\test_bsky_utils.py:460: Complex API mocking - integration tests</skipped></testcase><testcase classname="tests.unit.test_bsky_utils.TestCreateSynthesisAck" name="test_create_synthesis_ack_success" time="0.000"><skipped type="pytest.skip" message="Complex API mocking - integration tests">C:\projects\void\tests\unit\test_bsky_utils.py:480: Complex API mocking - integration tests</skipped></testcase><testcase classname="tests.unit.test_bsky_utils.TestCreateSynthesisAck" name="test_create_synthesis_ack_error" time="0.000"><skipped type="pytest.skip" message="Complex API mocking - integration tests">C:\projects\void\tests\unit\test_bsky_utils.py:494: Complex API mocking - integration tests</skipped></testcase><testcase classname="tests.unit.test_bsky_utils.TestAcknowledgePost" name="test_acknowledge_post_success" time="0.000"><skipped type="pytest.skip" message="Complex API mocking - integration tests">C:\projects\void\tests\unit\test_bsky_utils.py:506: Complex API mocking - integration tests</skipped></testcase><testcase classname="tests.unit.test_bsky_utils.TestAcknowledgePost" name="test_acknowledge_post_no_note" time="0.000"><skipped type="pytest.skip" message="Complex API mocking - integration tests">C:\projects\void\tests\unit\test_bsky_utils.py:524: Complex API mocking - integration tests</skipped></testcase><testcase classname="tests.unit.test_bsky_utils.TestAcknowledgePost" name="test_acknowledge_post_error" time="0.000"><skipped type="pytest.skip" message="Complex API mocking - integration tests">C:\projects\void\tests\unit\test_bsky_utils.py:541: Complex API mocking - integration tests</skipped></testcase><testcase classname="tests.unit.test_bsky_utils.TestCreateToolCallRecord" name="test_create_tool_call_record_success" time="0.000"><skipped type="pytest.skip" message="Complex API mocking - integration tests">C:\projects\void\tests\unit\test_bsky_utils.py:558: Complex API mocking - integration tests</skipped></testcase><testcase classname="tests.unit.test_bsky_utils.TestCreateToolCallRecord" name="test_create_tool_call_record_error" time="0.000"><skipped type="pytest.skip" message="Complex API mocking - integration tests">C:\projects\void\tests\unit\test_bsky_utils.py:576: Complex API mocking - integration tests</skipped></testcase><testcase classname="tests.unit.test_bsky_utils.TestCreateReasoningRecord" name="test_create_reasoning_record_success" time="0.000"><skipped type="pytest.skip" message="Complex API mocking - integration tests">C:\projects\void\tests\unit\test_bsky_utils.py:593: Complex API mocking - integration tests</skipped></testcase><testcase classname="tests.unit.test_bsky_utils.TestCreateReasoningRecord" name="test_create_reasoning_record_error" time="0.000"><skipped type="pytest.skip" message="Complex API mocking - integration tests">C:\projects\void\tests\unit\test_bsky_utils.py:606: Complex API mocking - integration tests</skipped></testcase><testcase classname="tests.unit.test_bsky_utils.TestConstants" name="test_strip_fields_constant" time="0.000" /><testcase classname="tests.unit.test_config_loader.TestConfigLoader" name="test_init_with_existing_config" time="0.106" /><testcase classname="tests.unit.test_config_loader.TestConfigLoader" name="test_init_with_missing_config" time="0.095" /><testcase classname="tests.unit.test_config_loader.TestConfigLoader" name="test_get_existing_key" time="0.109" /><testcase classname="tests.unit.test_config_loader.TestConfigLoader" name="test_get_nested_key" time="0.106" /><testcase classname="tests.unit.test_config_loader.TestConfigLoader" name="test_get_missing_key_with_default" time="0.111" /><testcase classname="tests.unit.test_config_loader.TestConfigLoader" name="test_get_missing_key_without_default" time="0.102" /><testcase classname="tests.unit.test_config_loader.TestConfigLoader" name="test_get_section" time="0.098" /><testcase classname="tests.unit.test_config_loader.TestConfigLoader" name="test_get_section_missing" time="0.103" /><testcase classname="tests.unit.test_config_loader.TestConfigLoader" name="test_invalid_yaml" time="0.094" /><testcase classname="tests.unit.test_config_loader.TestConfigFunctions" name="test_get_config_default_path" time="0.091" /><testcase classname="tests.unit.test_config_loader.TestConfigFunctions" name="test_get_config_custom_path" time="0.103" /><testcase classname="tests.unit.test_config_loader.TestConfigFunctions" name="test_get_letta_config" time="0.113" /><testcase classname="tests.unit.test_config_loader.TestConfigFunctions" name="test_get_bluesky_config" time="0.115" /><testcase classname="tests.unit.test_config_loader.TestConfigFunctions" name="test_get_letta_config_with_env_fallback" time="0.002" /><testcase classname="tests.unit.test_config_loader.TestConfigFunctions" name="test_get_bluesky_config_with_env_fallback" time="0.002" /><testcase classname="tests.unit.test_config_loader.TestConfigValidation" name="test_required_fields_present" time="0.110" /><testcase classname="tests.unit.test_config_loader.TestConfigValidation" name="test_missing_required_fields" time="0.113" /><testcase classname="tests.unit.test_config_loader.TestConfigValidation" name="test_config_type_coercion" time="0.096" /><testcase classname="tests.unit.test_config_loader" name="test_config_value_types[letta.api_key-str]" time="0.108" /><testcase classname="tests.unit.test_config_loader" name="test_config_value_types[letta.timeout-int]" time="0.113" /><testcase classname="tests.unit.test_config_loader" name="test_config_value_types[bot.fetch_notifications_delay-int]" time="0.105" /><testcase classname="tests.unit.test_config_loader" name="test_config_value_types[bot.max_processed_notifications-int]" time="0.103" /><testcase classname="tests.unit.test_config_loader" name="test_config_value_types[threading.parent_height-int]" time="0.148" /><testcase classname="tests.unit.test_config_loader" name="test_config_value_types[threading.depth-int]" time="0.120" /><testcase classname="tests.unit.test_config_loader" name="test_config_value_types[threading.max_post_characters-int]" time="0.113" /><testcase classname="tests.unit.test_config_loader" name="test_config_value_types[logging.level-str]" time="0.115" /><testcase classname="tests.unit.test_notification_db.TestNotificationDB" name="test_init_creates_database" time="0.117" /><testcase classname="tests.unit.test_notification_db.TestNotificationDB" name="test_init_creates_tables" time="0.125" /><testcase classname="tests.unit.test_notification_db.TestNotificationDB" name="test_add_notification" time="0.129" /><testcase classname="tests.unit.test_notification_db.TestNotificationDB" name="test_is_processed" time="0.116" /><testcase classname="tests.unit.test_notification_db.TestNotificationDB" name="test_mark_processed" time="0.120" /><testcase classname="tests.unit.test_notification_db.TestNotificationDB" name="test_mark_error" time="0.116" /><testcase classname="tests.unit.test_notification_db.TestNotificationDB" name="test_get_unprocessed" time="0.120" /><testcase classname="tests.unit.test_notification_db.TestNotificationDB" name="test_get_latest_processed_time" time="0.126" /><testcase classname="tests.unit.test_notification_db.TestNotificationDB" name="test_cleanup_old_records" time="0.127" /><testcase classname="tests.unit.test_notification_db.TestNotificationDB" name="test_get_stats" time="0.142" /><testcase classname="tests.unit.test_notification_db.TestNotificationDB" name="test_session_management" time="0.144" /><testcase classname="tests.unit.test_notification_db.TestNotificationDB" name="test_get_processed_uris" time="0.135" /><testcase classname="tests.unit.test_notification_db.TestNotificationDB" name="test_close_connection" time="0.122" /><testcase classname="tests.unit.test_notification_db.TestNotificationDBEdgeCases" name="test_add_empty_notification" time="0.133" /><testcase classname="tests.unit.test_notification_db.TestNotificationDBEdgeCases" name="test_add_duplicate_notification" time="0.111" /><testcase classname="tests.unit.test_notification_db.TestNotificationDBEdgeCases" name="test_mark_nonexistent_notification" time="0.106" /><testcase classname="tests.unit.test_notification_db.TestNotificationDBEdgeCases" name="test_get_notifications_with_limit" time="0.134" /><testcase classname="tests.unit.test_notification_db.TestNotificationDBEdgeCases" name="test_database_file_permissions" time="0.127" /><testcase classname="tests.unit.test_notification_db" name="test_notification_uri_validation[at://did:plc:test/app.bsky.notification.record/test-True]" time="0.113" /><testcase classname="tests.unit.test_notification_db" name="test_notification_uri_validation[at://did:plc:example/app.bsky.feed.post/abc123-True]" time="0.117" /><testcase classname="tests.unit.test_notification_db" name="test_notification_uri_validation[invalid-uri-True]" time="0.117" /><testcase classname="tests.unit.test_notification_db" name="test_notification_uri_validation[-False]" time="0.133" /><testcase classname="tests.unit.test_notification_db" name="test_notification_uri_validation[None-False]" time="0.125" /><testcase classname="tests.unit.test_notification_recovery.TestNotificationRecovery" name="test_recover_notifications_dry_run" time="0.002" /><testcase classname="tests.unit.test_notification_recovery.TestNotificationRecovery" name="test_recover_notifications_execute_mode" time="0.002" /><testcase classname="tests.unit.test_notification_recovery.TestNotificationRecovery" name="test_recover_notifications_skip_likes" time="0.002" /><testcase classname="tests.unit.test_notification_recovery.TestNotificationRecovery" name="test_recover_notifications_already_processed" time="0.002" /><testcase classname="tests.unit.test_notification_recovery.TestNotificationRecovery" name="test_recover_notifications_api_error" time="0.001" /><testcase classname="tests.unit.test_notification_recovery.TestNotificationRecovery" name="test_check_database_health" time="0.001" /><testcase classname="tests.unit.test_notification_recovery.TestNotificationRecovery" name="test_check_database_health_high_pending_warning" time="0.001" /><testcase classname="tests.unit.test_notification_recovery.TestNotificationRecovery" name="test_check_database_health_high_error_warning" time="0.001" /><testcase classname="tests.unit.test_notification_recovery.TestNotificationRecovery" name="test_reset_notification_status_dry_run" time="0.001" /><testcase classname="tests.unit.test_notification_recovery.TestNotificationRecovery" name="test_reset_notification_status_execute_mode" time="0.001" /><testcase classname="tests.unit.test_notification_recovery.TestNotificationRecovery" name="test_reset_notification_status_no_notifications" time="0.001" /><testcase classname="tests.unit.test_notification_recovery.TestNotificationRecovery" name="test_cli_main_recover_command" time="0.002" /><testcase classname="tests.unit.test_notification_recovery.TestNotificationRecovery" name="test_cli_main_health_command" time="0.002" /><testcase classname="tests.unit.test_notification_recovery.TestNotificationRecovery" name="test_cli_main_reset_command" time="0.001" /><testcase classname="tests.unit.test_notification_recovery.TestNotificationRecovery" name="test_cli_main_no_command" time="0.001" /><testcase classname="tests.unit.test_notification_recovery.TestNotificationRecovery" name="test_cli_main_function_recover_with_execute" time="0.003" /><testcase classname="tests.unit.test_notification_recovery.TestNotificationRecovery" name="test_cli_main_function_health" time="0.002" /><testcase classname="tests.unit.test_notification_recovery.TestNotificationRecovery" name="test_cli_main_function_reset_with_execute" time="0.002" /><testcase classname="tests.unit.test_notification_recovery.TestNotificationRecovery" name="test_cli_main_function_no_command" time="0.002" /><testcase classname="tests.unit.test_queue_manager.TestQueueManager" name="test_load_notification_success" time="0.006" /><testcase classname="tests.unit.test_queue_manager.TestQueueManager" name="test_load_notification_file_not_found" time="0.006" /><testcase classname="tests.unit.test_queue_manager.TestQueueManager" name="test_load_notification_invalid_json" time="0.005" /><testcase classname="tests.unit.test_queue_manager.TestQueueManager" name="test_list_notifications_queue_only" time="0.009" /><testcase classname="tests.unit.test_queue_manager.TestQueueManager" name="test_list_notifications_with_handle_filter" time="0.007" /><testcase classname="tests.unit.test_queue_manager.TestQueueManager" name="test_list_notifications_show_all" time="0.012" /><testcase classname="tests.unit.test_queue_manager.TestQueueManager" name="test_delete_by_handle_success" time="0.008" /><testcase classname="tests.unit.test_queue_manager.TestQueueManager" name="test_count_by_handle" time="0.010" /><testcase classname="tests.unit.test_queue_manager.TestQueueManager" name="test_stats" time="0.006" /><testcase classname="tests.unit.test_queue_manager.TestQueueManager" name="test_delete_by_handle_user_cancels" time="0.006" /><testcase classname="tests.unit.test_queue_manager.TestQueueManager" name="test_queue_directories_defined" time="0.001" /><testcase classname="tests.unit.test_queue_manager.TestQueueManager" name="test_list_notifications_empty_queue" time="0.004" /><testcase classname="tests.unit.test_queue_manager.TestQueueManager" name="test_list_notifications_nonexistent_directories" time="0.003" /><testcase classname="tests.unit.test_queue_manager.TestQueueManager" name="test_load_notification_permission_error" time="0.004" /><testcase classname="tests.unit.test_queue_manager.TestQueueManager" name="test_list_notifications_with_invalid_json_files" time="0.010" /><testcase classname="tests.unit.test_queue_manager.TestQueueManager" name="test_list_notifications_with_handle_filter_no_matches" time="0.006" /><testcase classname="tests.unit.test_queue_manager.TestQueueManager" name="test_list_notifications_with_long_text_truncation" time="0.007" /><testcase classname="tests.unit.test_queue_manager.TestQueueManager" name="test_cli_main_list_command" time="0.002" /><testcase classname="tests.unit.test_queue_manager.TestQueueManager" name="test_cli_main_delete_command" time="0.003" /><testcase classname="tests.unit.test_queue_manager.TestQueueManager" name="test_cli_main_stats_command" time="0.004" /><testcase classname="tests.unit.test_queue_manager.TestQueueManager" name="test_cli_main_count_command" time="0.002" /><testcase classname="tests.unit.test_queue_manager.TestQueueManager" name="test_cli_main_no_command" time="0.001" /><testcase classname="tests.unit.test_queue_manager.TestQueueManager" name="test_cli_main_function_list_with_handle" time="0.001" /><testcase classname="tests.unit.test_queue_manager.TestQueueManager" name="test_cli_main_function_list_with_all" time="0.002" /><testcase classname="tests.unit.test_queue_manager.TestQueueManager" name="test_cli_main_function_delete_with_dry_run" time="0.002" /><testcase classname="tests.unit.test_queue_manager.TestQueueManager" name="test_cli_main_function_delete_with_force" time="0.002" /><testcase classname="tests.unit.test_queue_manager.TestQueueManager" name="test_cli_main_function_stats" time="0.002" /><testcase classname="tests.unit.test_queue_manager.TestQueueManager" name="test_cli_main_function_count" time="0.002" /><testcase classname="tests.unit.test_queue_manager.TestQueueManager" name="test_cli_main_function_no_command" time="0.002" /><testcase classname="tests.unit.test_queue_manager.TestQueueManager" name="test_list_notifications_unknown_directory" time="0.004" /><testcase classname="tests.unit.test_queue_manager.TestQueueManager" name="test_count_by_handle_nonexistent_directory" time="0.002" /><testcase classname="tests.unit.test_queue_manager.TestQueueManager" name="test_count_by_handle_subdirectory_skip" time="0.003" /><testcase classname="tests.unit.test_register_tools.TestRegisterTools" name="test_register_tools_success" time="0.009" /><testcase classname="tests.unit.test_register_tools.TestRegisterTools" name="test_register_tools_with_custom_agent_id" time="0.010" /><testcase classname="tests.unit.test_register_tools.TestRegisterTools" name="test_register_tools_with_base_url" time="0.009" /><testcase classname="tests.unit.test_register_tools.TestRegisterTools" name="test_register_tools_agent_not_found" time="0.003" /><testcase classname="tests.unit.test_register_tools.TestRegisterTools" name="test_register_tools_with_specific_tools" time="0.004" /><testcase classname="tests.unit.test_register_tools.TestRegisterTools" name="test_register_tools_with_unknown_tools" time="0.003" /><testcase classname="tests.unit.test_register_tools.TestRegisterTools" name="test_register_tools_tool_already_attached" time="0.009" /><testcase classname="tests.unit.test_register_tools.TestRegisterTools" name="test_register_tools_tool_creation_failure" time="0.011" /><testcase classname="tests.unit.test_register_tools.TestRegisterTools" name="test_register_tools_attachment_failure" time="0.011" /><testcase classname="tests.unit.test_register_tools.TestRegisterTools" name="test_register_tools_fatal_error" time="0.002" /><testcase classname="tests.unit.test_register_tools.TestRegisterTools" name="test_list_available_tools" time="0.008" /><testcase classname="tests.unit.test_register_tools.TestRegisterTools" name="test_tool_configs_structure" time="0.001" /><testcase classname="tests.unit.test_register_tools.TestRegisterTools" name="test_tool_configs_expected_tools" time="0.001" /><testcase classname="tests.unit.test_register_tools.TestRegisterTools" name="test_tool_configs_tags" time="0.001" /><testcase classname="tests.unit.test_register_tools.TestRegisterTools" name="test_tool_configs_descriptions" time="0.001" /><testcase classname="tests.unit.test_register_tools.TestRegisterTools" name="test_tool_configs_unique_names" time="0.001" /><testcase classname="tests.unit.test_register_tools.TestRegisterTools" name="test_tool_configs_schema_compatibility" time="0.001" /><testcase classname="tests.unit.test_register_tools.TestRegisterToolsCLI" name="test_cli_list_tools" time="0.008" /><testcase classname="tests.unit.test_register_tools.TestRegisterToolsCLI" name="test_cli_register_tools_default" time="0.002" /><testcase classname="tests.unit.test_register_tools.TestRegisterToolsCLI" name="test_cli_register_tools_with_agent_id" time="0.002" /><testcase classname="tests.unit.test_register_tools.TestRegisterToolsCLI" name="test_cli_register_tools_with_specific_tools" time="0.002" /><testcase classname="tests.unit.test_register_tools.TestRegisterToolsCLI" name="test_cli_main_block_execution" time="0.007" /><testcase classname="tests.unit.test_register_tools.TestRegisterToolsCLI" name="test_cli_main_block_execution_with_tools" time="0.611" /><testcase classname="tests.unit.test_register_tools.TestRegisterToolsCLI" name="test_cli_main_function_list" time="0.001" /><testcase classname="tests.unit.test_register_tools.TestRegisterToolsCLI" name="test_cli_main_function_register" time="0.002" /><testcase classname="tests.unit.test_register_tools.TestRegisterToolsCLI" name="test_cli_main_function_register_default_agent" time="0.002" /><testcase classname="tests.unit.test_tool_manager.TestToolManager" name="test_ensure_platform_tools_bluesky" time="0.003" /><testcase classname="tests.unit.test_tool_manager.TestToolManager" name="test_ensure_platform_tools_x" time="0.002" /><testcase classname="tests.unit.test_tool_manager.TestToolManager" name="test_ensure_platform_tools_invalid_platform" time="0.001" /><testcase classname="tests.unit.test_tool_manager.TestToolManager" name="test_ensure_platform_tools_with_custom_params" time="0.002" /><testcase classname="tests.unit.test_tool_manager.TestToolManager" name="test_ensure_platform_tools_with_base_url" time="0.001" /><testcase classname="tests.unit.test_tool_manager.TestToolManager" name="test_ensure_platform_tools_agent_not_found" time="0.001" /><testcase classname="tests.unit.test_tool_manager.TestToolManager" name="test_ensure_platform_tools_detach_failure" time="0.002" /><testcase classname="tests.unit.test_tool_manager.TestToolManager" name="test_get_attached_tools_success" time="0.001" /><testcase classname="tests.unit.test_tool_manager.TestToolManager" name="test_get_attached_tools_with_custom_params" time="0.001" /><testcase classname="tests.unit.test_tool_manager.TestToolManager" name="test_get_attached_tools_error" time="0.001" /><testcase classname="tests.unit.test_tool_manager.TestToolManager" name="test_tool_sets_definition" time="0.000" /><testcase classname="tests.unit.test_tool_manager.TestToolManager" name="test_ensure_platform_tools_missing_tools_logging" time="0.003" /><testcase classname="tests.unit.test_tool_manager.TestToolManager" name="test_ensure_platform_tools_all_tools_present_logging" time="0.002" /><testcase classname="tests.unit.test_tool_manager.TestToolManager" name="test_ensure_platform_tools_exception_handling" time="0.002" /><testcase classname="tests.unit.test_tool_manager.TestToolManager" name="test_get_attached_tools_with_base_url" time="0.002" /><testcase classname="tests.unit.test_tool_manager.TestToolManagerCLI" name="test_cli_list_tools" time="0.001" /><testcase classname="tests.unit.test_tool_manager.TestToolManagerCLI" name="test_cli_ensure_bluesky_tools" time="0.001" /><testcase classname="tests.unit.test_tool_manager.TestToolManagerCLI" name="test_cli_main_block_coverage" time="1.439" /><testcase classname="tests.unit.test_tool_manager.TestToolManagerCLI" name="test_cli_ensure_x_tools_with_agent_id" time="0.001" /><testcase classname="tests.unit.test_tool_manager.TestToolManagerCLI" name="test_cli_no_platform_error" time="0.001" /><testcase classname="tests.unit.test_tool_manager.TestToolManagerCLI" name="test_cli_main_execution_list" time="0.001" /><testcase classname="tests.unit.test_tool_manager.TestToolManagerCLI" name="test_cli_main_execution_platform" time="0.001" /><testcase classname="tests.unit.test_tool_manager_cli.TestToolManagerCLICoverage" name="test_cli_main_block_coverage_complete" time="0.001" /><testcase classname="tests.unit.test_tool_manager_cli.TestToolManagerCLICoverage" name="test_cli_main_block_coverage_platform_error" time="0.001" /><testcase classname="tests.unit.test_tool_manager_cli.TestToolManagerCLICoverage" name="test_cli_main_block_coverage_platform_execution" time="0.001" /><testcase classname="tests.unit.test_tool_manager_cli.TestToolManagerCLICoverage" name="test_cli_main_block_platform_indicators" time="0.002" /><testcase classname="tests.unit.test_tool_manager_cli.TestToolManagerCLICoverage" name="test_cli_main_block_platform_error" time="0.001" /><testcase classname="tests.unit.test_tool_manager_cli.TestToolManagerCLICoverage" name="test_cli_main_block_actual_execution" time="0.002" /><testcase classname="tests.unit.test_tools_ack.TestAckTool" name="test_annotate_ack_basic" time="0.001" /><testcase classname="tests.unit.test_tools_ack.TestAckTool" name="test_annotate_ack_empty_note" time="0.001" /><testcase classname="tests.unit.test_tools_ack.TestAckTool" name="test_annotate_ack_args_model" time="0.001" /><testcase classname="tests.unit.test_tools_ack.TestAckTool" name="test_annotate_ack_args_validation" time="0.001" /><testcase classname="tests.unit.test_tools_ack.TestAckTool" name="test_annotate_ack_with_args_model" time="0.001" /><testcase classname="tests.unit.test_tools_ack.TestAckTool" name="test_annotate_ack_special_characters" time="0.001" /><testcase classname="tests.unit.test_tools_ack.TestAckTool" name="test_annotate_ack_unicode" time="0.001" /><testcase classname="tests.unit.test_tools_ack.TestAckTool" name="test_annotate_ack_long_note" time="0.001" /><testcase classname="tests.unit.test_tools_ack.TestAckTool" name="test_annotate_ack_multiple_calls" time="0.000" /><testcase classname="tests.unit.test_tools_ack.TestAckTool" name="test_annotate_ack_format_consistency" time="0.001" /><testcase classname="tests.unit.test_tools_ack.TestAckTool" name="test_annotate_ack_quotes_in_note" time="0.001" /><testcase classname="tests.unit.test_tools_ack.TestAckTool" name="test_annotate_ack_newlines_in_note" time="0.000" /><testcase classname="tests.unit.test_tools_ack.TestAckTool" name="test_annotate_ack_tabs_in_note" time="0.000" /><testcase classname="tests.unit.test_tools_ack.TestAckTool" name="test_annotate_ack_whitespace_note" time="0.000" /><testcase classname="tests.unit.test_tools_ack.TestAckTool" name="test_annotate_ack_numeric_note" time="0.001" /><testcase classname="tests.unit.test_tools_ack.TestAckTool" name="test_annotate_ack_boolean_note" time="0.001" /><testcase classname="tests.unit.test_tools_blocks.TestGetLettaClient" name="test_get_letta_client_with_config" time="0.001" /><testcase classname="tests.unit.test_tools_blocks.TestGetLettaClient" name="test_get_letta_client_without_base_url" time="0.001" /><testcase classname="tests.unit.test_tools_blocks.TestGetLettaClient" name="test_get_letta_client_fallback_to_env" time="0.002" /><testcase classname="tests.unit.test_tools_blocks.TestGetXLettaClient" name="test_get_x_letta_client_with_config" time="0.003" /><testcase classname="tests.unit.test_tools_blocks.TestGetXLettaClient" name="test_get_x_letta_client_config_not_exists" time="0.001" /><testcase classname="tests.unit.test_tools_blocks.TestGetXLettaClient" name="test_get_x_letta_client_yaml_error" time="0.002" /><testcase classname="tests.unit.test_tools_blocks.TestGetPlatformLettaClient" name="test_get_platform_letta_client_bluesky" time="0.001" /><testcase classname="tests.unit.test_tools_blocks.TestGetPlatformLettaClient" name="test_get_platform_letta_client_x" time="0.001" /><testcase classname="tests.unit.test_tools_blocks.TestAttachUserBlocksArgs" name="test_valid_handles" time="0.001" /><testcase classname="tests.unit.test_tools_blocks.TestAttachUserBlocksArgs" name="test_missing_handles" time="0.001" /><testcase classname="tests.unit.test_tools_blocks.TestAttachUserBlocksArgs" name="test_invalid_handles_type" time="0.001" /><testcase classname="tests.unit.test_tools_blocks.TestDetachUserBlocksArgs" name="test_valid_handles" time="0.000" /><testcase classname="tests.unit.test_tools_blocks.TestDetachUserBlocksArgs" name="test_missing_handles" time="0.000" /><testcase classname="tests.unit.test_tools_blocks.TestUserNoteAppendArgs" name="test_valid_args" time="0.000" /><testcase classname="tests.unit.test_tools_blocks.TestUserNoteAppendArgs" name="test_missing_handle" time="0.000" /><testcase classname="tests.unit.test_tools_blocks.TestUserNoteAppendArgs" name="test_missing_note" time="0.000" /><testcase classname="tests.unit.test_tools_blocks.TestUserNoteReplaceArgs" name="test_valid_args" time="0.000" /><testcase classname="tests.unit.test_tools_blocks.TestUserNoteReplaceArgs" name="test_missing_fields" time="0.000" /><testcase classname="tests.unit.test_tools_blocks.TestUserNoteSetArgs" name="test_valid_args" time="0.000" /><testcase classname="tests.unit.test_tools_blocks.TestUserNoteSetArgs" name="test_missing_fields" time="0.000" /><testcase classname="tests.unit.test_tools_blocks.TestUserNoteViewArgs" name="test_valid_args" time="0.001" /><testcase classname="tests.unit.test_tools_blocks.TestUserNoteViewArgs" name="test_missing_handle" time="0.000" /><testcase classname="tests.unit.test_tools_blocks.TestAttachXUserBlocksArgs" name="test_valid_user_ids" time="0.000" /><testcase classname="tests.unit.test_tools_blocks.TestAttachXUserBlocksArgs" name="test_missing_user_ids" time="0.000" /><testcase classname="tests.unit.test_tools_blocks.TestDetachXUserBlocksArgs" name="test_valid_user_ids" time="0.001" /><testcase classname="tests.unit.test_tools_blocks.TestDetachXUserBlocksArgs" name="test_missing_user_ids" time="0.001" /><testcase classname="tests.unit.test_tools_blocks.TestXUserNoteAppendArgs" name="test_valid_args" time="0.000" /><testcase classname="tests.unit.test_tools_blocks.TestXUserNoteAppendArgs" name="test_missing_user_id" time="0.000" /><testcase classname="tests.unit.test_tools_blocks.TestXUserNoteAppendArgs" name="test_missing_note" time="0.001" /><testcase classname="tests.unit.test_tools_blocks.TestAttachUserBlocks" name="test_attach_user_blocks_success" time="0.001" /><testcase classname="tests.unit.test_tools_blocks.TestAttachUserBlocks" name="test_attach_user_blocks_sync_error" time="0.001" /><testcase classname="tests.unit.test_tools_blocks.TestAttachUserBlocks" name="test_attach_user_blocks_already_attached" time="0.001" /><testcase classname="tests.unit.test_tools_blocks.TestAttachUserBlocks" name="test_attach_user_blocks_fallback_to_env" time="0.002" /><testcase classname="tests.unit.test_tools_blocks.TestDetachUserBlocks" name="test_detach_user_blocks_success" time="0.001" /><testcase classname="tests.unit.test_tools_blocks.TestDetachUserBlocks" name="test_detach_user_blocks_not_attached" time="0.001" /><testcase classname="tests.unit.test_tools_blocks.TestDetachUserBlocks" name="test_detach_user_blocks_import_error" time="0.002" /><testcase classname="tests.unit.test_tools_blocks.TestDetachUserBlocks" name="test_detach_user_blocks_detachment_error" time="0.001" /><testcase classname="tests.unit.test_tools_blocks.TestDetachUserBlocks" name="test_detach_user_blocks_outer_exception" time="0.001" /><testcase classname="tests.unit.test_tools_blocks.TestUserNoteAppend" name="test_user_note_append_success" time="0.001" /><testcase classname="tests.unit.test_tools_blocks.TestUserNoteAppend" name="test_user_note_append_not_attached" time="0.001" /><testcase classname="tests.unit.test_tools_blocks.TestUserNoteAppend" name="test_user_note_append_import_error" time="0.002" /><testcase classname="tests.unit.test_tools_blocks.TestUserNoteReplace" name="test_user_note_replace_success" time="0.001" /><testcase classname="tests.unit.test_tools_blocks.TestUserNoteReplace" name="test_user_note_replace_text_not_found" time="0.001" /><testcase classname="tests.unit.test_tools_blocks.TestUserNoteReplace" name="test_user_note_replace_import_error" time="0.002" /><testcase classname="tests.unit.test_tools_blocks.TestUserNoteReplace" name="test_user_note_replace_no_block_found" time="0.001" /><testcase classname="tests.unit.test_tools_blocks.TestUserNoteSet" name="test_user_note_set_success" time="0.001" /><testcase classname="tests.unit.test_tools_blocks.TestUserNoteSet" name="test_user_note_set_import_error" time="0.002" /><testcase classname="tests.unit.test_tools_blocks.TestUserNoteView" name="test_user_note_view_success" time="0.001" /><testcase classname="tests.unit.test_tools_blocks.TestAttachXUserBlocks" name="test_attach_x_user_blocks_success" time="0.001" /><testcase classname="tests.unit.test_tools_blocks.TestAttachXUserBlocks" name="test_attach_x_user_blocks_sync_error" time="0.002" /><testcase classname="tests.unit.test_tools_blocks.TestAttachXUserBlocks" name="test_attach_x_user_blocks_import_error" time="0.002" /><testcase classname="tests.unit.test_tools_blocks.TestAttachXUserBlocks" name="test_attach_x_user_blocks_block_creation_error" time="0.001" /><testcase classname="tests.unit.test_tools_blocks.TestAttachXUserBlocks" name="test_attach_x_user_blocks_outer_exception" time="0.001" /><testcase classname="tests.unit.test_tools_blocks.TestDetachXUserBlocks" name="test_detach_x_user_blocks_success" time="0.001" /><testcase classname="tests.unit.test_tools_blocks.TestDetachXUserBlocks" name="test_detach_x_user_blocks_import_error" time="0.002" /><testcase classname="tests.unit.test_tools_blocks.TestDetachXUserBlocks" name="test_detach_x_user_blocks_detachment_error" time="0.001" /><testcase classname="tests.unit.test_tools_blocks.TestDetachXUserBlocks" name="test_detach_x_user_blocks_outer_exception" time="0.001" /><testcase classname="tests.unit.test_tools_blocks.TestXUserNoteAppend" name="test_x_user_note_append_success" time="0.001" /><testcase classname="tests.unit.test_tools_blocks.TestXUserNoteAppend" name="test_x_user_note_append_import_error" time="0.003" /><testcase classname="tests.unit.test_tools_blocks.TestXUserNoteAppend" name="test_x_user_note_append_block_creation_and_attachment" time="0.001" /><testcase classname="tests.unit.test_tools_blocks.TestXUserNoteAppend" name="test_x_user_note_append_block_already_attached" time="0.001" /><testcase classname="tests.unit.test_tools_blocks.TestXUserNoteAppend" name="test_x_user_note_append_outer_exception" time="0.001" /><testcase classname="tests.unit.test_tools_blocks.TestAttachUserBlocksErrorHandling" name="test_attach_user_blocks_block_already_attached_by_id" time="0.001" /><testcase classname="tests.unit.test_tools_blocks.TestAttachUserBlocksErrorHandling" name="test_attach_user_blocks_outer_exception" time="0.001" /><testcase classname="tests.unit.test_tools_blocks.TestAttachUserBlocksErrorHandling" name="test_attach_user_blocks_duplicate_constraint_error" time="0.001" /><testcase classname="tests.unit.test_tools_blocks.TestAttachUserBlocksErrorHandling" name="test_attach_user_blocks_other_attach_error" time="0.001" /><testcase classname="tests.unit.test_tools_blocks.TestAttachUserBlocksErrorHandling" name="test_attach_user_blocks_block_creation_error" time="0.001" /><testcase classname="tests.unit.test_tools_blocks.TestAttachUserBlocksErrorHandling" name="test_attach_user_blocks_existing_block_not_attached_by_id" time="0.001" /><testcase classname="tests.unit.test_tools_blocks.TestUserNoteAppendErrorHandling" name="test_user_note_append_block_already_attached" time="0.001" /><testcase classname="tests.unit.test_tools_blocks.TestUserNoteAppendErrorHandling" name="test_user_note_append_error_handling" time="0.001" /><testcase classname="tests.unit.test_tools_blocks.TestUserNoteSetErrorHandling" name="test_user_note_set_block_creation_and_attachment" time="0.001" /><testcase classname="tests.unit.test_tools_blocks.TestUserNoteSetErrorHandling" name="test_user_note_set_block_already_attached" time="0.002" /><testcase classname="tests.unit.test_tools_blocks.TestUserNoteSetErrorHandling" name="test_user_note_set_error_handling" time="0.001" /><testcase classname="tests.unit.test_tools_blocks.TestUserNoteViewErrorHandling" name="test_user_note_view_no_block_found" time="0.001" /><testcase classname="tests.unit.test_tools_blocks.TestUserNoteViewErrorHandling" name="test_user_note_view_error_handling" time="0.001" /><testcase classname="tests.unit.test_tools_blocks.TestXUserNoteReplace" name="test_x_user_note_replace_success" time="0.001" /><testcase classname="tests.unit.test_tools_blocks.TestXUserNoteReplace" name="test_x_user_note_replace_text_not_found" time="0.001" /><testcase classname="tests.unit.test_tools_blocks.TestXUserNoteReplace" name="test_x_user_note_replace_no_block_found" time="0.001" /><testcase classname="tests.unit.test_tools_blocks.TestXUserNoteReplace" name="test_x_user_note_replace_error_handling" time="0.001" /><testcase classname="tests.unit.test_tools_blocks.TestXUserNoteReplace" name="test_x_user_note_replace_import_error" time="0.002" /><testcase classname="tests.unit.test_tools_blocks.TestXUserNoteSet" name="test_x_user_note_set_success" time="0.001" /><testcase classname="tests.unit.test_tools_blocks.TestXUserNoteSet" name="test_x_user_note_set_block_creation_and_attachment" time="0.002" /><testcase classname="tests.unit.test_tools_blocks.TestXUserNoteSet" name="test_x_user_note_set_block_already_attached" time="0.001" /><testcase classname="tests.unit.test_tools_blocks.TestXUserNoteSet" name="test_x_user_note_set_error_handling" time="0.001" /><testcase classname="tests.unit.test_tools_blocks.TestXUserNoteSet" name="test_x_user_note_set_import_error" time="0.002" /><testcase classname="tests.unit.test_tools_blocks.TestXUserNoteView" name="test_x_user_note_view_success" time="0.001" /><testcase classname="tests.unit.test_tools_blocks.TestXUserNoteView" name="test_x_user_note_view_no_block_found" time="0.001" /><testcase classname="tests.unit.test_tools_blocks.TestXUserNoteView" name="test_x_user_note_view_error_handling" time="0.001" /><testcase classname="tests.unit.test_tools_blocks.TestXUserNoteView" name="test_x_user_note_view_import_error" time="0.002" /><testcase classname="tests.unit.test_tools_blocks.TestAttachXUserBlocksCoverage" name="test_attach_x_user_blocks_import_error_fallback" time="0.003" /><testcase classname="tests.unit.test_tools_blocks.TestAttachXUserBlocksCoverage" name="test_attach_x_user_blocks_already_attached" time="0.001" /><testcase classname="tests.unit.test_tools_blocks.TestAttachXUserBlocksCoverage" name="test_attach_x_user_blocks_existing_block_found" time="0.001" /><testcase classname="tests.unit.test_tools_blocks.TestUserNoteViewCoverage" name="test_user_note_view_import_error_fallback" time="0.002" /><testcase classname="tests.unit.test_tools_feed.TestFeedArgs" name="test_feed_args_valid" time="0.000" /><testcase classname="tests.unit.test_tools_feed.TestFeedArgs" name="test_feed_args_defaults" time="0.000" /><testcase classname="tests.unit.test_tools_feed.TestFeedArgs" name="test_feed_args_home_feed" time="0.000" /><testcase classname="tests.unit.test_tools_feed.TestFeedArgs" name="test_feed_args_ai_feed" time="0.000" /><testcase classname="tests.unit.test_tools_feed.TestGetBlueskyFeed" name="test_get_bluesky_feed_home_timeline" time="0.002" /><testcase classname="tests.unit.test_tools_feed.TestGetBlueskyFeed" name="test_get_bluesky_feed_discover_feed" time="0.002" /><testcase classname="tests.unit.test_tools_feed.TestGetBlueskyFeed" name="test_get_bluesky_feed_ai_feed" time="0.002" /><testcase classname="tests.unit.test_tools_feed.TestGetBlueskyFeed" name="test_get_bluesky_feed_atmosphere_feed" time="0.002" /><testcase classname="tests.unit.test_tools_feed.TestGetBlueskyFeed" name="test_get_bluesky_feed_void_cafe_feed" time="0.001" /><testcase classname="tests.unit.test_tools_feed.TestGetBlueskyFeed" name="test_get_bluesky_feed_with_feedname_prefix" time="0.002" /><testcase classname="tests.unit.test_tools_feed.TestGetBlueskyFeed" name="test_get_bluesky_feed_invalid_feed_name" time="0.001" /><testcase classname="tests.unit.test_tools_feed.TestGetBlueskyFeed" name="test_get_bluesky_feed_max_posts_capped_at_100" time="0.001" /><testcase classname="tests.unit.test_tools_feed.TestGetBlueskyFeed" name="test_get_bluesky_feed_missing_credentials" time="0.001" /><testcase classname="tests.unit.test_tools_feed.TestGetBlueskyFeed" name="test_get_bluesky_feed_session_error" time="0.001" /><testcase classname="tests.unit.test_tools_feed.TestGetBlueskyFeed" name="test_get_bluesky_feed_missing_access_token" time="0.001" /><testcase classname="tests.unit.test_tools_feed.TestGetBlueskyFeed" name="test_get_bluesky_feed_api_error" time="0.001" /><testcase classname="tests.unit.test_tools_feed.TestGetBlueskyFeed" name="test_get_bluesky_feed_empty_results" time="0.002" /><testcase classname="tests.unit.test_tools_feed.TestGetBlueskyFeed" name="test_get_bluesky_feed_default_no_feed_name" time="0.002" /><testcase classname="tests.unit.test_tools_feed.TestGetBlueskyFeed" name="test_get_bluesky_feed_with_repost_info" time="0.002" /><testcase classname="tests.unit.test_tools_feed.TestGetBlueskyFeed" name="test_get_bluesky_feed_with_reply_info" time="0.003" /><testcase classname="tests.unit.test_tools_feed.TestGetBlueskyFeed" name="test_get_bluesky_feed_multiple_posts" time="0.003" /><testcase classname="tests.unit.test_tools_halt.TestHaltTool" name="test_halt_activity_default_reason" time="0.001" /><testcase classname="tests.unit.test_tools_halt.TestHaltTool" name="test_halt_activity_custom_reason" time="0.001" /><testcase classname="tests.unit.test_tools_halt.TestHaltTool" name="test_halt_activity_empty_reason" time="0.001" /><testcase classname="tests.unit.test_tools_halt.TestHaltTool" name="test_halt_args_model" time="0.001" /><testcase classname="tests.unit.test_tools_halt.TestHaltTool" name="test_halt_args_validation" time="0.001" /><testcase classname="tests.unit.test_tools_halt.TestHaltTool" name="test_halt_activity_with_args_model" time="0.001" /><testcase classname="tests.unit.test_tools_halt.TestHaltTool" name="test_halt_activity_multiple_calls" time="0.001" /><testcase classname="tests.unit.test_tools_halt.TestHaltTool" name="test_halt_activity_special_characters" time="0.000" /><testcase classname="tests.unit.test_tools_halt.TestHaltTool" name="test_halt_activity_unicode" time="0.001" /><testcase classname="tests.unit.test_tools_halt.TestHaltTool" name="test_halt_activity_long_reason" time="0.001" /><testcase classname="tests.unit.test_tools_ignore.TestIgnoreTool" name="test_ignore_notification_default_category" time="0.001" /><testcase classname="tests.unit.test_tools_ignore.TestIgnoreTool" name="test_ignore_notification_custom_category" time="0.001" /><testcase classname="tests.unit.test_tools_ignore.TestIgnoreTool" name="test_ignore_notification_different_categories" time="0.001" /><testcase classname="tests.unit.test_tools_ignore.TestIgnoreTool" name="test_ignore_notification_args_model" time="0.001" /><testcase classname="tests.unit.test_tools_ignore.TestIgnoreTool" name="test_ignore_notification_args_validation" time="0.001" /><testcase classname="tests.unit.test_tools_ignore.TestIgnoreTool" name="test_ignore_notification_with_args_model" time="0.001" /><testcase classname="tests.unit.test_tools_ignore.TestIgnoreTool" name="test_ignore_notification_special_characters" time="0.001" /><testcase classname="tests.unit.test_tools_ignore.TestIgnoreTool" name="test_ignore_notification_unicode" time="0.000" /><testcase classname="tests.unit.test_tools_ignore.TestIgnoreTool" name="test_ignore_notification_long_reason" time="0.000" /><testcase classname="tests.unit.test_tools_ignore.TestIgnoreTool" name="test_ignore_notification_empty_reason" time="0.000" /><testcase classname="tests.unit.test_tools_ignore.TestIgnoreTool" name="test_ignore_notification_empty_category" time="0.000" /><testcase classname="tests.unit.test_tools_ignore.TestIgnoreTool" name="test_ignore_notification_format_consistency" time="0.001" /><testcase classname="tests.unit.test_tools_ignore.TestIgnoreTool" name="test_ignore_notification_multiple_calls" time="0.001" /><testcase classname="tests.unit.test_tools_post.TestPostArgs" name="test_post_args_valid_single_text" time="0.001" /><testcase classname="tests.unit.test_tools_post.TestPostArgs" name="test_post_args_valid_multiple_texts" time="0.001" /><testcase classname="tests.unit.test_tools_post.TestPostArgs" name="test_post_args_custom_language" time="0.001" /><testcase classname="tests.unit.test_tools_post.TestPostArgs" name="test_post_args_empty_text_list_raises_exception" time="0.001" /><testcase classname="tests.unit.test_tools_post.TestPostArgs" name="test_post_args_none_text_raises_exception" time="0.001" /><testcase classname="tests.unit.test_tools_post.TestCreateNewBlueskyPost" name="test_create_new_bluesky_post_single_text" time="0.002" /><testcase classname="tests.unit.test_tools_post.TestCreateNewBlueskyPost" name="test_create_new_bluesky_post_thread" time="0.001" /><testcase classname="tests.unit.test_tools_post.TestCreateNewBlueskyPost" name="test_create_new_bluesky_post_custom_language" time="0.001" /><testcase classname="tests.unit.test_tools_post.TestCreateNewBlueskyPost" name="test_create_new_bluesky_post_empty_text_raises_exception" time="0.001" /><testcase classname="tests.unit.test_tools_post.TestCreateNewBlueskyPost" name="test_create_new_bluesky_post_text_too_long_raises_exception" time="0.001" /><testcase classname="tests.unit.test_tools_post.TestCreateNewBlueskyPost" name="test_create_new_bluesky_post_missing_credentials" time="0.001" /><testcase classname="tests.unit.test_tools_post.TestCreateNewBlueskyPost" name="test_create_new_bluesky_post_api_error" time="0.001" /><testcase classname="tests.unit.test_tools_post.TestCreateNewBlueskyPost" name="test_create_new_bluesky_post_network_error" time="0.001" /><testcase classname="tests.unit.test_tools_post.TestCreateNewBlueskyPost" name="test_create_new_bluesky_post_thread_too_many_posts" time="0.002" /><testcase classname="tests.unit.test_tools_post.TestCreateNewBlueskyPost" name="test_create_new_bluesky_post_thread_with_reply_to" time="0.001" /><testcase classname="tests.unit.test_tools_post.TestCreateNewBlueskyPost" name="test_create_new_bluesky_post_missing_session_data" time="0.001" /><testcase classname="tests.unit.test_tools_post.TestCreateNewBlueskyPost" name="test_create_new_bluesky_post_with_mentions" time="0.002" /><testcase classname="tests.unit.test_tools_post.TestCreateNewBlueskyPost" name="test_create_new_bluesky_post_with_urls" time="0.001" /><testcase classname="tests.unit.test_tools_post.TestCreateNewBlueskyPost" name="test_create_new_bluesky_post_mention_resolution_failure" time="0.001" /><testcase classname="tests.unit.test_tools_reply.TestReplyTool" name="test_bluesky_reply_single_message" time="0.001" /><testcase classname="tests.unit.test_tools_reply.TestReplyTool" name="test_bluesky_reply_multiple_messages" time="0.001" /><testcase classname="tests.unit.test_tools_reply.TestReplyTool" name="test_bluesky_reply_custom_language" time="0.001" /><testcase classname="tests.unit.test_tools_reply.TestReplyTool" name="test_bluesky_reply_max_messages" time="0.001" /><testcase classname="tests.unit.test_tools_reply.TestReplyTool" name="test_bluesky_reply_empty_messages" time="0.001" /><testcase classname="tests.unit.test_tools_reply.TestReplyTool" name="test_bluesky_reply_too_many_messages" time="0.001" /><testcase classname="tests.unit.test_tools_reply.TestReplyTool" name="test_bluesky_reply_message_too_long" time="0.001" /><testcase classname="tests.unit.test_tools_reply.TestReplyTool" name="test_bluesky_reply_max_length_message" time="0.001" /><testcase classname="tests.unit.test_tools_reply.TestReplyTool" name="test_bluesky_reply_multiple_long_messages" time="0.001" /><testcase classname="tests.unit.test_tools_reply.TestReplyTool" name="test_reply_args_model_valid" time="0.001" /><testcase classname="tests.unit.test_tools_reply.TestReplyTool" name="test_reply_args_model_empty_messages" time="0.001" /><testcase classname="tests.unit.test_tools_reply.TestReplyTool" name="test_reply_args_model_too_many_messages" time="0.001" /><testcase classname="tests.unit.test_tools_reply.TestReplyTool" name="test_reply_args_model_message_too_long" time="0.001" /><testcase classname="tests.unit.test_tools_reply.TestReplyTool" name="test_reply_args_model_multiple_long_messages" time="0.001" /><testcase classname="tests.unit.test_tools_reply.TestReplyTool" name="test_bluesky_reply_with_args_model" time="0.001" /><testcase classname="tests.unit.test_tools_reply.TestReplyTool" name="test_bluesky_reply_different_languages" time="0.001" /><testcase classname="tests.unit.test_tools_reply.TestReplyTool" name="test_bluesky_reply_special_characters" time="0.001" /><testcase classname="tests.unit.test_tools_reply.TestReplyTool" name="test_bluesky_reply_unicode" time="0.001" /><testcase classname="tests.unit.test_tools_reply.TestReplyTool" name="test_bluesky_reply_whitespace_messages" time="0.001" /><testcase classname="tests.unit.test_tools_reply.TestReplyTool" name="test_bluesky_reply_mixed_length_messages" time="0.001" /><testcase classname="tests.unit.test_tools_reply.TestReplyTool" name="test_bluesky_reply_none_messages" time="0.001" /><testcase classname="tests.unit.test_tools_reply.TestReplyTool" name="test_bluesky_reply_empty_string_messages" time="0.001" /><testcase classname="tests.unit.test_tools_reply.TestReplyTool" name="test_bluesky_reply_edge_case_lengths" time="0.001" /><testcase classname="tests.unit.test_tools_reply.TestReplyTool" name="test_bluesky_reply_single_character_messages" time="0.001" /><testcase classname="tests.unit.test_tools_reply.TestReplyTool" name="test_bluesky_reply_language_case_sensitivity" time="0.001" /><testcase classname="tests.unit.test_tools_search.TestSearchArgs" name="test_search_args_valid" time="0.001" /><testcase classname="tests.unit.test_tools_search.TestSearchArgs" name="test_search_args_defaults" time="0.001" /><testcase classname="tests.unit.test_tools_search.TestSearchArgs" name="test_search_args_missing_query" time="0.001" /><testcase classname="tests.unit.test_tools_search.TestSearchArgs" name="test_search_args_max_results_validation" time="0.001" /><testcase classname="tests.unit.test_tools_search.TestSearchArgs" name="test_search_args_sort_validation" time="0.001" /><testcase classname="tests.unit.test_tools_search.TestSearchBlueskyPosts" name="test_search_bluesky_posts_success" time="0.002" /><testcase classname="tests.unit.test_tools_search.TestSearchBlueskyPosts" name="test_search_bluesky_posts_with_author_filter" time="0.002" /><testcase classname="tests.unit.test_tools_search.TestSearchBlueskyPosts" name="test_search_bluesky_posts_with_custom_max_results" time="0.002" /><testcase classname="tests.unit.test_tools_search.TestSearchBlueskyPosts" name="test_search_bluesky_posts_max_results_capped_at_100" time="0.001" /><testcase classname="tests.unit.test_tools_search.TestSearchBlueskyPosts" name="test_search_bluesky_posts_with_sort_order" time="0.003" /><testcase classname="tests.unit.test_tools_search.TestSearchBlueskyPosts" name="test_search_bluesky_posts_invalid_sort_defaults_to_latest" time="0.002" /><testcase classname="tests.unit.test_tools_search.TestSearchBlueskyPosts" name="test_search_bluesky_posts_missing_credentials" time="0.001" /><testcase classname="tests.unit.test_tools_search.TestSearchBlueskyPosts" name="test_search_bluesky_posts_session_error" time="0.001" /><testcase classname="tests.unit.test_tools_search.TestSearchBlueskyPosts" name="test_search_bluesky_posts_search_api_error" time="0.001" /><testcase classname="tests.unit.test_tools_search.TestSearchBlueskyPosts" name="test_search_bluesky_posts_empty_results" time="0.001" /><testcase classname="tests.unit.test_tools_search.TestSearchBlueskyPosts" name="test_search_bluesky_posts_multiple_results" time="0.003" /><testcase classname="tests.unit.test_tools_search.TestSearchBlueskyPosts" name="test_search_bluesky_posts_with_reply_info" time="0.002" /><testcase classname="tests.unit.test_tools_search.TestSearchBlueskyPosts" name="test_search_bluesky_posts_missing_access_token" time="0.001" /><testcase classname="tests.unit.test_utils.TestUpsertBlock" name="test_create_new_block" time="0.001" /><testcase classname="tests.unit.test_utils.TestUpsertBlock" name="test_return_existing_block" time="0.001" /><testcase classname="tests.unit.test_utils.TestUpsertBlock" name="test_multiple_blocks_error" time="0.002" /><testcase classname="tests.unit.test_utils.TestUpsertBlock" name="test_update_existing_block" time="0.002" /><testcase classname="tests.unit.test_utils.TestUpsertBlock" name="test_update_existing_block_without_update_flag" time="0.001" /><testcase classname="tests.unit.test_utils.TestUpsertBlock" name="test_kwargs_passed_to_create" time="0.002" /><testcase classname="tests.unit.test_utils.TestUpsertBlock" name="test_update_kwargs_exclude_update_flag" time="0.001" /><testcase classname="tests.unit.test_utils.TestUpsertAgent" name="test_create_new_agent" time="0.002" /><testcase classname="tests.unit.test_utils.TestUpsertAgent" name="test_return_existing_agent" time="0.001" /><testcase classname="tests.unit.test_utils.TestUpsertAgent" name="test_multiple_agents_error" time="0.003" /><testcase classname="tests.unit.test_utils.TestUpsertAgent" name="test_update_existing_agent" time="0.002" /><testcase classname="tests.unit.test_utils.TestUpsertAgent" name="test_kwargs_passed_to_create" time="0.001" /><testcase classname="tests.unit.test_utils.TestUpsertAgent" name="test_update_kwargs_exclude_update_flag" time="0.001" /><testcase classname="tests.unit.test_utils.TestUtilsIntegration" name="test_upsert_block_with_real_client_structure" time="0.001" /><testcase classname="tests.unit.test_utils.TestUtilsIntegration" name="test_upsert_agent_with_real_client_structure" time="0.001" /><testcase classname="tests.unit.test_utils" name="test_upsert_block_with_different_labels[test-label-1-test-value-1-Test description 1]" time="0.001" /><testcase classname="tests.unit.test_utils" name="test_upsert_block_with_different_labels[zeitgeist-Current social environment-Zeitgeist block]" time="0.001" /><testcase classname="tests.unit.test_utils" name="test_upsert_block_with_different_labels[void-persona-My name is Void-Persona block]" time="0.003" /><testcase classname="tests.unit.test_utils" name="test_upsert_block_with_different_labels[user_test.bsky.social-User information-User block]" time="0.001" /><testcase classname="tests.unit.test_utils" name="test_upsert_agent_with_different_configs[void-openai/gpt-4o-mini-Void agent]" time="0.002" /><testcase classname="tests.unit.test_utils" name="test_upsert_agent_with_different_configs[test-agent-openai/gpt-4o-Test agent]" time="0.002" /><testcase classname="tests.unit.test_utils" name="test_upsert_agent_with_different_configs[custom-agent-anthropic/claude-3-Custom agent]" time="0.002" /></testsuite></testsuites>